  BarnesHut.cpp
C:\Users\i7\Desktop\Minden\ELTE\GPGPU\GPGPU-Assignment\src\cpunbody\BarnesHut.cpp(21,13): warning C4244: 'initializing': conversion from 'float' to 'int', possible loss of data
C:\Users\i7\Desktop\Minden\ELTE\GPGPU\GPGPU-Assignment\src\cpunbody\BarnesHut.cpp(61,21): warning C4244: 'initializing': conversion from 'double' to 'float', possible loss of data
C:\Users\i7\Desktop\Minden\ELTE\GPGPU\GPGPU-Assignment\src\cpunbody\BarnesHut.cpp(89,48): warning C4244: '+=': conversion from 'double' to 'float', possible loss of data
  BoundingBox.cpp
  Nbody.cpp
C:\Users\i7\Desktop\Minden\ELTE\GPGPU\GPGPU-Assignment\src\cpunbody\Nbody.cpp(32,28): warning C4244: 'initializing': conversion from 'double' to 'int', possible loss of data
C:\Users\i7\Desktop\Minden\ELTE\GPGPU\GPGPU-Assignment\src\cpunbody\Nbody.cpp(32,17): warning C4244: 'initializing': conversion from 'double' to 'const int', possible loss of data
  Octree.cpp
C:\Users\i7\Desktop\Minden\ELTE\GPGPU\GPGPU-Assignment\src\cpunbody\Octree.cpp(42,49): warning C4244: 'argument': conversion from 'double' to 'const unsigned __int64', possible loss of data
C:\Users\i7\Desktop\Minden\ELTE\GPGPU\GPGPU-Assignment\src\cpunbody\Octree.cpp(194,43): warning C4244: 'argument': conversion from 'int' to 'T', possible loss of data
C:\Users\i7\Desktop\Minden\ELTE\GPGPU\GPGPU-Assignment\src\cpunbody\Octree.cpp(194,43): warning C4244:         with
C:\Users\i7\Desktop\Minden\ELTE\GPGPU\GPGPU-Assignment\src\cpunbody\Octree.cpp(194,43): warning C4244:         [
C:\Users\i7\Desktop\Minden\ELTE\GPGPU\GPGPU-Assignment\src\cpunbody\Octree.cpp(194,43): warning C4244:             T=float
C:\Users\i7\Desktop\Minden\ELTE\GPGPU\GPGPU-Assignment\src\cpunbody\Octree.cpp(194,43): warning C4244:         ]
C:\Users\i7\Desktop\Minden\ELTE\GPGPU\GPGPU-Assignment\src\cpunbody\Octree.cpp(193,43): warning C4244: 'argument': conversion from 'int' to 'T', possible loss of data
C:\Users\i7\Desktop\Minden\ELTE\GPGPU\GPGPU-Assignment\src\cpunbody\Octree.cpp(193,43): warning C4244:         with
C:\Users\i7\Desktop\Minden\ELTE\GPGPU\GPGPU-Assignment\src\cpunbody\Octree.cpp(193,43): warning C4244:         [
C:\Users\i7\Desktop\Minden\ELTE\GPGPU\GPGPU-Assignment\src\cpunbody\Octree.cpp(193,43): warning C4244:             T=float
C:\Users\i7\Desktop\Minden\ELTE\GPGPU\GPGPU-Assignment\src\cpunbody\Octree.cpp(193,43): warning C4244:         ]
C:\Users\i7\Desktop\Minden\ELTE\GPGPU\GPGPU-Assignment\src\cpunbody\Octree.cpp(192,43): warning C4244: 'argument': conversion from 'int' to 'T', possible loss of data
C:\Users\i7\Desktop\Minden\ELTE\GPGPU\GPGPU-Assignment\src\cpunbody\Octree.cpp(192,43): warning C4244:         with
C:\Users\i7\Desktop\Minden\ELTE\GPGPU\GPGPU-Assignment\src\cpunbody\Octree.cpp(192,43): warning C4244:         [
C:\Users\i7\Desktop\Minden\ELTE\GPGPU\GPGPU-Assignment\src\cpunbody\Octree.cpp(192,43): warning C4244:             T=float
C:\Users\i7\Desktop\Minden\ELTE\GPGPU\GPGPU-Assignment\src\cpunbody\Octree.cpp(192,43): warning C4244:         ]
  Octreostream.cpp
  MyApp.cpp
C:\Users\i7\Desktop\Minden\ELTE\GPGPU\GPGPU-Assignment\src\MyApp.cpp(310,30): warning C4267: 'argument': conversion from 'size_t' to 'GLsizei', possible loss of data
  SDL_GLDebugMessageCallback.cpp
  main.cpp
  GLUtils.cpp
  Camera.cpp
  ObjParser.cpp
  Generating code
  Previous IPDB not found, fall back to full compilation.
  All 949 functions were compiled because no usable IPDB/IOBJ from previous compilation was found.
  Finished generating code
  AquaticApeExperiment_part2.vcxproj -> C:\Users\i7\Desktop\Minden\ELTE\GPGPU\GPGPU-Assignment\src\x64\Release\AquaticApeExperiment_part2.exe
